MenzApp/core/build 2/intermediates/manifest_merge_blame_file 2/debug/manifest-merger-blame-debug-report 2.txt
1<?xml version="1.0" encoding="utf-8"?>
2<manifest xmlns:android="http://schemas.android.com/apk/res/android"
3    package="hr.foi.air2003.menzapp.core"
4    android:versionCode="1"
5    android:versionName="1.0" >
6
7    <uses-sdk
8        android:minSdkVersion="23"
8-->src/main/AndroidManifest.xml
9        android:targetSdkVersion="30" />
9-->src/main/AndroidManifest.xml
10
11    <uses-permission android:name="android.permission.ACCESS_NETWORK_STATE" />
11-->src/main/AndroidManifest.xml:5:5-79
11-->src/main/AndroidManifest.xml:5:22-76
12
13    <application>
13-->src/main/AndroidManifest.xml:6:5-9:19
14        <receiver android:name="hr.foi.air2003.menzapp.core.services.MenuReciever" />
14-->src/main/AndroidManifest.xml:7:9-58
14-->src/main/AndroidManifest.xml:7:19-56
15        <receiver android:name="hr.foi.air2003.menzapp.core.services.NotificationReceiver" />
15-->src/main/AndroidManifest.xml:8:9-66
15-->src/main/AndroidManifest.xml:8:19-64
16    </application>
17
18</manifest>